<!--Exported from Orchard-->
<Orchard>
  <Recipe>
    <Name>Generated by Orchard.ImportExport</Name>
    <Author>Александр Петряков</Author>
    <ExportUtc>2015-11-11T00:54:55.3686304Z</ExportUtc>
  </Recipe>
  <Data>
    <Page Id="/alias=test-page" Status="Published">
      <TaxonomyField.TaxonomyTag Terms="" />
      <CommonPart Owner="/User.UserName=Александр Петряков" CreatedUtc="2015-11-11T00:52:06.0424269Z" PublishedUtc="2015-11-11T00:52:11.8569584Z" ModifiedUtc="2015-11-11T00:52:11.295424Z" />
      <TitlePart Title="test-page-4" />
      <LayoutPart>
        <LayoutData>{"elements":[{"typeName":"Orchard.Layouts.Elements.Canvas","data":"","exportableData":"","index":0,"elements":[{"typeName":"Orchard.Layouts.Elements.Grid","data":"","exportableData":"","index":0,"elements":[{"typeName":"Orchard.Layouts.Elements.Row","data":"","exportableData":"","index":0,"elements":[{"typeName":"Orchard.Layouts.Elements.Column","data":"Width=12&amp;Offset=0","exportableData":"","index":0,"elements":[{"typeName":"Orchard.Layouts.Elements.Html","data":"Text=%3cp%3eHello+world+!!!%3c%2fp%3e&amp;Content=%3cp%3eHello+world+!!!%3c%2fp%3e","exportableData":"","index":0,"elements":[],"isTemplated":false,"htmlId":null,"htmlClass":null,"htmlStyle":null}],"isTemplated":false,"htmlId":"","htmlClass":"","htmlStyle":""}],"isTemplated":false,"htmlId":"","htmlClass":"","htmlStyle":""}],"isTemplated":false,"htmlId":"","htmlClass":"","htmlStyle":""}],"isTemplated":false,"htmlId":"","htmlClass":"","htmlStyle":""}]}</LayoutData>
      </LayoutPart>
      <AutoroutePart Alias="test-page-4" UseCustomPattern="false" />
      <LocalizationPart Culture="ru-RU" />
    </Page>
  </Data>
</Orchard>